DataCollectorsClients/VpnCollector/app/build/outputs/logs/manifest-merger-debug-report.txt
-- Merging decision tree log ---
manifest
ADDED from src/main/AndroidManifest.xml:2:1-117:12
	package
		ADDED from src/main/AndroidManifest.xml:3:5-35
		INJECTED from src/main/AndroidManifest.xml
		INJECTED from src/main/AndroidManifest.xml
	android:versionName
		ADDED from src/main/AndroidManifest.xml:5:5-32
		INJECTED from src/main/AndroidManifest.xml
		INJECTED from src/main/AndroidManifest.xml
	android:versionCode
		ADDED from src/main/AndroidManifest.xml:4:5-28
		INJECTED from src/main/AndroidManifest.xml
		INJECTED from src/main/AndroidManifest.xml
	xmlns:android
		ADDED from src/main/AndroidManifest.xml:2:11-69
uses-sdk
ADDED from src/main/AndroidManifest.xml:7:5-9:41
MERGED from [com.android.support:appcompat-v7:23.3.0] AndroidManifest.xml:21:5-23:78
MERGED from [com.android.support:animated-vector-drawable:23.3.0] AndroidManifest.xml:5:5-44
MERGED from [com.android.support:support-vector-drawable:23.3.0] AndroidManifest.xml:5:5-43
MERGED from [com.android.support:support-v4:23.3.0] AndroidManifest.xml:20:5-43
	tools:overrideLibrary
		ADDED from [com.android.support:appcompat-v7:23.3.0] AndroidManifest.xml:23:9-75
	android:targetSdkVersion
		ADDED from src/main/AndroidManifest.xml:9:9-38
		INJECTED from src/main/AndroidManifest.xml
		INJECTED from src/main/AndroidManifest.xml
	android:minSdkVersion
		ADDED from src/main/AndroidManifest.xml:8:9-35
		INJECTED from src/main/AndroidManifest.xml
		INJECTED from src/main/AndroidManifest.xml
uses-permission#android.permission.INTERNET
ADDED from src/main/AndroidManifest.xml:11:5-67
	android:name
		ADDED from src/main/AndroidManifest.xml:11:22-64
uses-permission#android.permission.ACCESS_COARSE_LOCATION
ADDED from src/main/AndroidManifest.xml:12:5-81
	android:name
		ADDED from src/main/AndroidManifest.xml:12:22-78
uses-permission#android.permission.ACCESS_FINE_LOCATION
ADDED from src/main/AndroidManifest.xml:13:5-79
	android:name
		ADDED from src/main/AndroidManifest.xml:13:22-76
uses-permission#android.permission.ACCESS_NETWORK_STATE
ADDED from src/main/AndroidManifest.xml:14:5-79
	android:name
		ADDED from src/main/AndroidManifest.xml:14:22-76
uses-permission#android.permission.ACCESS_SUPERUSER
ADDED from src/main/AndroidManifest.xml:15:5-75
	android:name
		ADDED from src/main/AndroidManifest.xml:15:22-72
uses-permission#android.permission.ACCESS_WIFI_STATE
ADDED from src/main/AndroidManifest.xml:16:5-76
	android:name
		ADDED from src/main/AndroidManifest.xml:16:22-73
uses-permission#android.permission.BATTERY_STATS
ADDED from src/main/AndroidManifest.xml:17:5-72
	android:name
		ADDED from src/main/AndroidManifest.xml:17:22-69
uses-permission#android.permission.BLUETOOTH
ADDED from src/main/AndroidManifest.xml:18:5-68
	android:name
		ADDED from src/main/AndroidManifest.xml:18:22-65
uses-permission#android.permission.BLUETOOTH_ADMIN
ADDED from src/main/AndroidManifest.xml:19:5-74
	android:name
		ADDED from src/main/AndroidManifest.xml:19:22-71
uses-permission#android.permission.CAMERA
ADDED from src/main/AndroidManifest.xml:20:5-65
	android:name
		ADDED from src/main/AndroidManifest.xml:20:22-62
uses-permission#android.permission.CHANGE_WIFI_STATE
ADDED from src/main/AndroidManifest.xml:21:5-76
	android:name
		ADDED from src/main/AndroidManifest.xml:21:22-73
uses-permission#android.permission.GET_TASKS
ADDED from src/main/AndroidManifest.xml:22:5-68
	android:name
		ADDED from src/main/AndroidManifest.xml:22:22-65
uses-permission#android.permission.KILL_BACKGROUND_PROCESSES
ADDED from src/main/AndroidManifest.xml:24:5-84
	android:name
		ADDED from src/main/AndroidManifest.xml:24:22-81
uses-permission#android.permission.READ_EXTERNAL_STORAGE
ADDED from src/main/AndroidManifest.xml:25:5-80
	android:name
		ADDED from src/main/AndroidManifest.xml:25:22-77
uses-permission#android.permission.READ_PHONE_STATE
ADDED from src/main/AndroidManifest.xml:26:5-75
	android:name
		ADDED from src/main/AndroidManifest.xml:26:22-72
uses-permission#android.permission.RESTART_PACKAGES
ADDED from src/main/AndroidManifest.xml:27:5-75
	android:name
		ADDED from src/main/AndroidManifest.xml:27:22-72
uses-permission#android.permission.WRITE_EXTERNAL_STORAGE
ADDED from src/main/AndroidManifest.xml:28:5-81
	android:name
		ADDED from src/main/AndroidManifest.xml:28:22-78
uses-permission#android.permission.WRITE_SETTINGS
ADDED from src/main/AndroidManifest.xml:29:5-73
	android:name
		ADDED from src/main/AndroidManifest.xml:29:22-70
uses-permission#android.permission.READ_LOGS
ADDED from src/main/AndroidManifest.xml:30:5-68
	android:name
		ADDED from src/main/AndroidManifest.xml:30:22-65
uses-permission#android.permission.READ_CALL_LOG
ADDED from src/main/AndroidManifest.xml:31:2-69
	android:name
		ADDED from src/main/AndroidManifest.xml:31:19-66
uses-permission#android.permission.READ_CONTACTS
ADDED from src/main/AndroidManifest.xml:32:2-69
	android:name
		ADDED from src/main/AndroidManifest.xml:32:19-66
uses-permission#android.permission.READ_CALENDAR
ADDED from src/main/AndroidManifest.xml:33:2-69
	android:name
		ADDED from src/main/AndroidManifest.xml:33:19-66
uses-permission#android.permission.GET_ACCOUNTS
ADDED from src/main/AndroidManifest.xml:34:2-68
	android:name
		ADDED from src/main/AndroidManifest.xml:34:19-65
uses-permission#android.permission.READ_PROFILE
ADDED from src/main/AndroidManifest.xml:36:2-68
	android:name
		ADDED from src/main/AndroidManifest.xml:36:19-65
application
ADDED from src/main/AndroidManifest.xml:38:5-115:19
MERGED from [com.android.support:appcompat-v7:23.3.0] AndroidManifest.xml:25:5-20
MERGED from [com.android.support:animated-vector-drawable:23.3.0] AndroidManifest.xml:7:5-20
MERGED from [com.android.support:support-vector-drawable:23.3.0] AndroidManifest.xml:7:5-20
MERGED from [com.android.support:support-v4:23.3.0] AndroidManifest.xml:22:5-20
	android:label
		ADDED from src/main/AndroidManifest.xml:41:9-41
	android:allowBackup
		ADDED from src/main/AndroidManifest.xml:39:9-35
	android:icon
		ADDED from src/main/AndroidManifest.xml:40:9-38
	android:largeHeap
		ADDED from src/main/AndroidManifest.xml:43:9-33
	android:theme
		ADDED from src/main/AndroidManifest.xml:42:9-40
activity#com.att.arocollector.AROCollectorActivity
ADDED from src/main/AndroidManifest.xml:44:9-53:20
	android:screenOrientation
		ADDED from src/main/AndroidManifest.xml:47:13-49
	android:label
		ADDED from src/main/AndroidManifest.xml:46:13-45
	android:name
		ADDED from src/main/AndroidManifest.xml:45:13-69
intent-filter#android.intent.action.MAIN+android.intent.category.LAUNCHER
ADDED from src/main/AndroidManifest.xml:48:13-52:29
action#android.intent.action.MAIN
ADDED from src/main/AndroidManifest.xml:49:17-69
	android:name
		ADDED from src/main/AndroidManifest.xml:49:25-66
category#android.intent.category.LAUNCHER
ADDED from src/main/AndroidManifest.xml:51:17-77
	android:name
		ADDED from src/main/AndroidManifest.xml:51:27-74
service#com.att.arotracedata.AROCollectorService
ADDED from src/main/AndroidManifest.xml:55:9-62:19
	android:label
		ADDED from src/main/AndroidManifest.xml:58:13-49
	android:icon
		ADDED from src/main/AndroidManifest.xml:57:13-49
	android:name
		ADDED from src/main/AndroidManifest.xml:56:13-68
intent-filter#com.att.arocollector.ARO_COLLECTOR_SERVICE
ADDED from src/main/AndroidManifest.xml:59:13-61:29
	android:label
		ADDED from src/main/AndroidManifest.xml:59:28-55
action#com.att.arocollector.ARO_COLLECTOR_SERVICE
ADDED from src/main/AndroidManifest.xml:60:17-85
	android:name
		ADDED from src/main/AndroidManifest.xml:60:25-82
service#com.att.arotracedata.AROGpsMonitorService
ADDED from src/main/AndroidManifest.xml:64:9-68:19
	android:name
		ADDED from src/main/AndroidManifest.xml:64:18-74
intent-filter#com.att.arocollector.ARO_GPS_MONITOR_SERVICE
ADDED from src/main/AndroidManifest.xml:65:13-67:29
	android:label
		ADDED from src/main/AndroidManifest.xml:65:28-55
action#com.att.arocollector.ARO_GPS_MONITOR_SERVICE
ADDED from src/main/AndroidManifest.xml:66:17-87
	android:name
		ADDED from src/main/AndroidManifest.xml:66:25-84
service#com.att.arotracedata.AROCameraMonitorService
ADDED from src/main/AndroidManifest.xml:70:9-74:19
	android:name
		ADDED from src/main/AndroidManifest.xml:70:18-77
intent-filter#com.att.arocollector.ARO_CAMERA_MONITOR_SERVICE
ADDED from src/main/AndroidManifest.xml:71:13-73:29
	android:label
		ADDED from src/main/AndroidManifest.xml:71:28-58
action#com.att.arocollector.ARO_CAMERA_MONITOR_SERVICE
ADDED from src/main/AndroidManifest.xml:72:17-90
	android:name
		ADDED from src/main/AndroidManifest.xml:72:25-87
service#com.att.arotracedata.ARORadioMonitorService
ADDED from src/main/AndroidManifest.xml:76:9-80:19
	android:name
		ADDED from src/main/AndroidManifest.xml:76:18-76
intent-filter#com.att.arocollector.ARO_RADIO_MONITOR_SERVICE
ADDED from src/main/AndroidManifest.xml:77:13-79:29
	android:label
		ADDED from src/main/AndroidManifest.xml:77:28-58
action#com.att.arocollector.ARO_RADIO_MONITOR_SERVICE
ADDED from src/main/AndroidManifest.xml:78:17-89
	android:name
		ADDED from src/main/AndroidManifest.xml:78:25-86
activity#com.att.arocollector.client.CaptureVpnClient
ADDED from src/main/AndroidManifest.xml:82:9-83:20
	android:name
		ADDED from src/main/AndroidManifest.xml:82:19-58
service#com.att.arocollector.client.CaptureVpnService
ADDED from src/main/AndroidManifest.xml:85:9-93:19
	android:enabled
		ADDED from src/main/AndroidManifest.xml:87:13-35
	android:exported
		ADDED from src/main/AndroidManifest.xml:88:13-36
	android:permission
		ADDED from src/main/AndroidManifest.xml:89:13-69
	android:name
		ADDED from src/main/AndroidManifest.xml:86:13-53
intent-filter#android.net.VpnService
ADDED from src/main/AndroidManifest.xml:90:13-92:29
action#android.net.VpnService
ADDED from src/main/AndroidManifest.xml:91:17-65
	android:name
		ADDED from src/main/AndroidManifest.xml:91:25-62
service#com.att.arotracedata.AROCpuTraceService
ADDED from src/main/AndroidManifest.xml:95:9-100:19
	android:name
		ADDED from src/main/AndroidManifest.xml:96:13-67
intent-filter#com.att.arocollector.ARO_CPU_TRACE_SERVICE
ADDED from src/main/AndroidManifest.xml:97:13-99:29
action#com.att.arocollector.ARO_CPU_TRACE_SERVICE
ADDED from src/main/AndroidManifest.xml:98:17-85
	android:name
		ADDED from src/main/AndroidManifest.xml:98:25-82
service#com.att.arotracedata.AROCpuTempService
ADDED from src/main/AndroidManifest.xml:102:9-106:19
	android:name
		ADDED from src/main/AndroidManifest.xml:102:18-71
intent-filter#com.att.arocollector.ARO_CPU_TEMP_SERVICE
ADDED from src/main/AndroidManifest.xml:103:13-105:29
action#com.att.arocollector.ARO_CPU_TEMP_SERVICE
ADDED from src/main/AndroidManifest.xml:104:17-83
	android:name
		ADDED from src/main/AndroidManifest.xml:104:25-81
service#com.att.arocollector.privatedata.AROPrivateDataCollectorService
ADDED from src/main/AndroidManifest.xml:108:9-113:19
	android:name
		ADDED from src/main/AndroidManifest.xml:109:13-91
intent-filter#com.att.arocollector.privatedata.ARO_PRIVATE_DATA_COLLECTOR_SERVICE
ADDED from src/main/AndroidManifest.xml:110:13-112:29
action#com.att.arocollector.privatedata.ARO_PRIVATE_DATA_COLLECTOR_SERVICE
ADDED from src/main/AndroidManifest.xml:111:17-110
	android:name
		ADDED from src/main/AndroidManifest.xml:111:25-107